<?xml version="1.0" encoding="UTF-8" ?>
<testsuite tests="11" failures="0" name="MaksukorttiTest" time="0.008" errors="0" skipped="0">
  <properties>
[...]
</properties>
  <testcase classname="MaksukorttiTest" name="konstruktoriAsettaaSaldonOikein" time="0.007"/>
  <testcase classname="MaksukorttiTest" name="maukkaanLounaanSyominenEiVieSaldoaNegatiiviseksi" time="0"/>
  <testcase classname="MaksukorttiTest" name="syoEdullisestiEiVieSaldoaNegatiiviseksi" time="0"/>
  <testcase classname="MaksukorttiTest" name="kortinSaldoEiYlitaMaksimiarvoa" time="0"/>
  <testcase classname="MaksukorttiTest" name="hello" time="0"/>
  <testcase classname="MaksukorttiTest" name="syoEdullisestiVahentaaSaldoaOikein" time="0"/>
  <testcase classname="MaksukorttiTest" name="edullisenSuuruisellaSaldollaSaaVainEdullisen" time="0"/>
  <testcase classname="MaksukorttiTest" name="syoMaukkaastiVahentaaSaldoaOikein" time="0"/>
  <testcase classname="MaksukorttiTest" name="maukkaanSuuruisellaSaldollaVoiOstaaMaukkaan" time="0"/>
  <testcase classname="MaksukorttiTest" name="negatiivinenLatausEiMuutaSaldoa" time="0"/>
  <testcase classname="MaksukorttiTest" name="kortilleVoiLadataRahaa" time="0.001"/>
</testsuite>